[INFO  - 2021-12-28T18:45:11.213Z] GhostDriver - Main - running on port 5986
[INFO  - 2021-12-28T18:45:11.338Z] Session [497c5a80-680e-11ec-824f-1d531b128883] - page.settings - {"XSSAuditingEnabled":false,"javascriptCanCloseWindows":true,"javascriptCanOpenWindows":true,"javascriptEnabled":true,"loadImages":true,"localToRemoteUrlAccessEnabled":false,"userAgent":"Mozilla/5.0 (Unknown; Linux x86_64) AppleWebKit/538.1 (KHTML, like Gecko) PhantomJS/2.1.1 Safari/538.1","webSecurityEnabled":true}
[INFO  - 2021-12-28T18:45:11.338Z] Session [497c5a80-680e-11ec-824f-1d531b128883] - page.customHeaders:  - {}
[INFO  - 2021-12-28T18:45:11.338Z] Session [497c5a80-680e-11ec-824f-1d531b128883] - Session.negotiatedCapabilities - {"browserName":"phantomjs","version":"2.1.1","driverName":"ghostdriver","driverVersion":"1.2.0","platform":"linux-unknown-64bit","javascriptEnabled":true,"takesScreenshot":true,"handlesAlerts":false,"databaseEnabled":false,"locationContextEnabled":false,"applicationCacheEnabled":false,"browserConnectionEnabled":false,"cssSelectorsEnabled":true,"webStorageEnabled":false,"rotatable":false,"acceptSslCerts":false,"nativeEvents":true,"proxy":{"proxyType":"direct"}}
[INFO  - 2021-12-28T18:45:11.338Z] SessionManagerReqHand - _postNewSessionCommand - New Session Created: 497c5a80-680e-11ec-824f-1d531b128883
[INFO  - 2021-12-28T18:45:19.741Z] ShutdownReqHand - _handle - About to shutdown
[INFO  - 2021-12-28T18:45:21.656Z] GhostDriver - Main - running on port 20166
[INFO  - 2021-12-28T18:45:21.744Z] Session [4fb02ee0-680e-11ec-a18a-f745fc8e24ae] - page.settings - {"XSSAuditingEnabled":false,"javascriptCanCloseWindows":true,"javascriptCanOpenWindows":true,"javascriptEnabled":true,"loadImages":true,"localToRemoteUrlAccessEnabled":false,"userAgent":"Mozilla/5.0 (Unknown; Linux x86_64) AppleWebKit/538.1 (KHTML, like Gecko) PhantomJS/2.1.1 Safari/538.1","webSecurityEnabled":true}
[INFO  - 2021-12-28T18:45:21.744Z] Session [4fb02ee0-680e-11ec-a18a-f745fc8e24ae] - page.customHeaders:  - {}
[INFO  - 2021-12-28T18:45:21.744Z] Session [4fb02ee0-680e-11ec-a18a-f745fc8e24ae] - Session.negotiatedCapabilities - {"browserName":"phantomjs","version":"2.1.1","driverName":"ghostdriver","driverVersion":"1.2.0","platform":"linux-unknown-64bit","javascriptEnabled":true,"takesScreenshot":true,"handlesAlerts":false,"databaseEnabled":false,"locationContextEnabled":false,"applicationCacheEnabled":false,"browserConnectionEnabled":false,"cssSelectorsEnabled":true,"webStorageEnabled":false,"rotatable":false,"acceptSslCerts":false,"nativeEvents":true,"proxy":{"proxyType":"direct"}}
[INFO  - 2021-12-28T18:45:21.744Z] SessionManagerReqHand - _postNewSessionCommand - New Session Created: 4fb02ee0-680e-11ec-a18a-f745fc8e24ae
[ERROR - 2021-12-28T18:45:28.926Z] WebElementLocator - _handleLocateCommand - Element(s) NOT Found: GAVE UP. Search Stop Time: 1640717128907
[INFO  - 2021-12-28T18:45:29.787Z] ShutdownReqHand - _handle - About to shutdown
[INFO  - 2021-12-28T18:45:47.020Z] GhostDriver - Main - running on port 19149
[INFO  - 2021-12-28T18:45:47.198Z] Session [5edc4ed0-680e-11ec-b49a-972a03550bb1] - page.settings - {"XSSAuditingEnabled":false,"javascriptCanCloseWindows":true,"javascriptCanOpenWindows":true,"javascriptEnabled":true,"loadImages":true,"localToRemoteUrlAccessEnabled":false,"userAgent":"Mozilla/5.0 (Unknown; Linux x86_64) AppleWebKit/538.1 (KHTML, like Gecko) PhantomJS/2.1.1 Safari/538.1","webSecurityEnabled":true}
[INFO  - 2021-12-28T18:45:47.199Z] Session [5edc4ed0-680e-11ec-b49a-972a03550bb1] - page.customHeaders:  - {}
[INFO  - 2021-12-28T18:45:47.199Z] Session [5edc4ed0-680e-11ec-b49a-972a03550bb1] - Session.negotiatedCapabilities - {"browserName":"phantomjs","version":"2.1.1","driverName":"ghostdriver","driverVersion":"1.2.0","platform":"linux-unknown-64bit","javascriptEnabled":true,"takesScreenshot":true,"handlesAlerts":false,"databaseEnabled":false,"locationContextEnabled":false,"applicationCacheEnabled":false,"browserConnectionEnabled":false,"cssSelectorsEnabled":true,"webStorageEnabled":false,"rotatable":false,"acceptSslCerts":false,"nativeEvents":true,"proxy":{"proxyType":"direct"}}
[INFO  - 2021-12-28T18:45:47.199Z] SessionManagerReqHand - _postNewSessionCommand - New Session Created: 5edc4ed0-680e-11ec-b49a-972a03550bb1
[INFO  - 2021-12-28T18:45:53.492Z] ShutdownReqHand - _handle - About to shutdown
[INFO  - 2021-12-28T18:45:55.135Z] GhostDriver - Main - running on port 7214
[INFO  - 2021-12-28T18:45:55.165Z] Session [639bd2b0-680e-11ec-986f-4bcfef049679] - page.settings - {"XSSAuditingEnabled":false,"javascriptCanCloseWindows":true,"javascriptCanOpenWindows":true,"javascriptEnabled":true,"loadImages":true,"localToRemoteUrlAccessEnabled":false,"userAgent":"Mozilla/5.0 (Unknown; Linux x86_64) AppleWebKit/538.1 (KHTML, like Gecko) PhantomJS/2.1.1 Safari/538.1","webSecurityEnabled":true}
[INFO  - 2021-12-28T18:45:55.165Z] Session [639bd2b0-680e-11ec-986f-4bcfef049679] - page.customHeaders:  - {}
[INFO  - 2021-12-28T18:45:55.165Z] Session [639bd2b0-680e-11ec-986f-4bcfef049679] - Session.negotiatedCapabilities - {"browserName":"phantomjs","version":"2.1.1","driverName":"ghostdriver","driverVersion":"1.2.0","platform":"linux-unknown-64bit","javascriptEnabled":true,"takesScreenshot":true,"handlesAlerts":false,"databaseEnabled":false,"locationContextEnabled":false,"applicationCacheEnabled":false,"browserConnectionEnabled":false,"cssSelectorsEnabled":true,"webStorageEnabled":false,"rotatable":false,"acceptSslCerts":false,"nativeEvents":true,"proxy":{"proxyType":"direct"}}
[INFO  - 2021-12-28T18:45:55.165Z] SessionManagerReqHand - _postNewSessionCommand - New Session Created: 639bd2b0-680e-11ec-986f-4bcfef049679
[ERROR - 2021-12-28T18:46:01.360Z] WebElementLocator - _handleLocateCommand - Element(s) NOT Found: GAVE UP. Search Stop Time: 1640717161336
[INFO  - 2021-12-28T18:46:02.183Z] ShutdownReqHand - _handle - About to shutdown
[INFO  - 2021-12-28T18:46:43.262Z] GhostDriver - Main - running on port 31010
[INFO  - 2021-12-28T18:46:43.389Z] Session [805a11a0-680e-11ec-9635-4f0de6b3b4af] - page.settings - {"XSSAuditingEnabled":false,"javascriptCanCloseWindows":true,"javascriptCanOpenWindows":true,"javascriptEnabled":true,"loadImages":true,"localToRemoteUrlAccessEnabled":false,"userAgent":"Mozilla/5.0 (Unknown; Linux x86_64) AppleWebKit/538.1 (KHTML, like Gecko) PhantomJS/2.1.1 Safari/538.1","webSecurityEnabled":true}
[INFO  - 2021-12-28T18:46:43.389Z] Session [805a11a0-680e-11ec-9635-4f0de6b3b4af] - page.customHeaders:  - {}
[INFO  - 2021-12-28T18:46:43.389Z] Session [805a11a0-680e-11ec-9635-4f0de6b3b4af] - Session.negotiatedCapabilities - {"browserName":"phantomjs","version":"2.1.1","driverName":"ghostdriver","driverVersion":"1.2.0","platform":"linux-unknown-64bit","javascriptEnabled":true,"takesScreenshot":true,"handlesAlerts":false,"databaseEnabled":false,"locationContextEnabled":false,"applicationCacheEnabled":false,"browserConnectionEnabled":false,"cssSelectorsEnabled":true,"webStorageEnabled":false,"rotatable":false,"acceptSslCerts":false,"nativeEvents":true,"proxy":{"proxyType":"direct"}}
[INFO  - 2021-12-28T18:46:43.389Z] SessionManagerReqHand - _postNewSessionCommand - New Session Created: 805a11a0-680e-11ec-9635-4f0de6b3b4af
[ERROR - 2021-12-28T18:46:49.123Z] Session [805a11a0-680e-11ec-9635-4f0de6b3b4af] - page.onError - msg: TypeError: null is not an object (evaluating 'd.takeRecords')
[ERROR - 2021-12-28T18:46:49.123Z] Session [805a11a0-680e-11ec-9635-4f0de6b3b4af] - page.onError - stack:
  H (https://securepubads.g.doubleclick.net/pagead/js/rum.js:44)
[INFO  - 2021-12-28T18:46:50.454Z] ShutdownReqHand - _handle - About to shutdown
[INFO  - 2021-12-28T18:46:51.454Z] GhostDriver - Main - running on port 11140
[INFO  - 2021-12-28T18:46:51.486Z] Session [852db9c0-680e-11ec-a6ee-73cbe556e0dd] - page.settings - {"XSSAuditingEnabled":false,"javascriptCanCloseWindows":true,"javascriptCanOpenWindows":true,"javascriptEnabled":true,"loadImages":true,"localToRemoteUrlAccessEnabled":false,"userAgent":"Mozilla/5.0 (Unknown; Linux x86_64) AppleWebKit/538.1 (KHTML, like Gecko) PhantomJS/2.1.1 Safari/538.1","webSecurityEnabled":true}
[INFO  - 2021-12-28T18:46:51.486Z] Session [852db9c0-680e-11ec-a6ee-73cbe556e0dd] - page.customHeaders:  - {}
[INFO  - 2021-12-28T18:46:51.486Z] Session [852db9c0-680e-11ec-a6ee-73cbe556e0dd] - Session.negotiatedCapabilities - {"browserName":"phantomjs","version":"2.1.1","driverName":"ghostdriver","driverVersion":"1.2.0","platform":"linux-unknown-64bit","javascriptEnabled":true,"takesScreenshot":true,"handlesAlerts":false,"databaseEnabled":false,"locationContextEnabled":false,"applicationCacheEnabled":false,"browserConnectionEnabled":false,"cssSelectorsEnabled":true,"webStorageEnabled":false,"rotatable":false,"acceptSslCerts":false,"nativeEvents":true,"proxy":{"proxyType":"direct"}}
[INFO  - 2021-12-28T18:46:51.486Z] SessionManagerReqHand - _postNewSessionCommand - New Session Created: 852db9c0-680e-11ec-a6ee-73cbe556e0dd
[ERROR - 2021-12-28T18:46:58.501Z] WebElementLocator - _handleLocateCommand - Element(s) NOT Found: GAVE UP. Search Stop Time: 1640717218454
[INFO  - 2021-12-28T18:46:59.368Z] ShutdownReqHand - _handle - About to shutdown
[INFO  - 2021-12-28T18:47:11.914Z] GhostDriver - Main - running on port 11335
[INFO  - 2021-12-28T18:47:12.067Z] Session [91724a20-680e-11ec-8569-59444afd1f10] - page.settings - {"XSSAuditingEnabled":false,"javascriptCanCloseWindows":true,"javascriptCanOpenWindows":true,"javascriptEnabled":true,"loadImages":true,"localToRemoteUrlAccessEnabled":false,"userAgent":"Mozilla/5.0 (Unknown; Linux x86_64) AppleWebKit/538.1 (KHTML, like Gecko) PhantomJS/2.1.1 Safari/538.1","webSecurityEnabled":true}
[INFO  - 2021-12-28T18:47:12.067Z] Session [91724a20-680e-11ec-8569-59444afd1f10] - page.customHeaders:  - {}
[INFO  - 2021-12-28T18:47:12.068Z] Session [91724a20-680e-11ec-8569-59444afd1f10] - Session.negotiatedCapabilities - {"browserName":"phantomjs","version":"2.1.1","driverName":"ghostdriver","driverVersion":"1.2.0","platform":"linux-unknown-64bit","javascriptEnabled":true,"takesScreenshot":true,"handlesAlerts":false,"databaseEnabled":false,"locationContextEnabled":false,"applicationCacheEnabled":false,"browserConnectionEnabled":false,"cssSelectorsEnabled":true,"webStorageEnabled":false,"rotatable":false,"acceptSslCerts":false,"nativeEvents":true,"proxy":{"proxyType":"direct"}}
[INFO  - 2021-12-28T18:47:12.068Z] SessionManagerReqHand - _postNewSessionCommand - New Session Created: 91724a20-680e-11ec-8569-59444afd1f10
[INFO  - 2021-12-28T18:47:20.300Z] ShutdownReqHand - _handle - About to shutdown
[INFO  - 2021-12-28T18:47:23.007Z] GhostDriver - Main - running on port 9178
[INFO  - 2021-12-28T18:47:23.070Z] Session [97ffd740-680e-11ec-8246-e1614f4ec6ef] - page.settings - {"XSSAuditingEnabled":false,"javascriptCanCloseWindows":true,"javascriptCanOpenWindows":true,"javascriptEnabled":true,"loadImages":true,"localToRemoteUrlAccessEnabled":false,"userAgent":"Mozilla/5.0 (Unknown; Linux x86_64) AppleWebKit/538.1 (KHTML, like Gecko) PhantomJS/2.1.1 Safari/538.1","webSecurityEnabled":true}
[INFO  - 2021-12-28T18:47:23.070Z] Session [97ffd740-680e-11ec-8246-e1614f4ec6ef] - page.customHeaders:  - {}
[INFO  - 2021-12-28T18:47:23.070Z] Session [97ffd740-680e-11ec-8246-e1614f4ec6ef] - Session.negotiatedCapabilities - {"browserName":"phantomjs","version":"2.1.1","driverName":"ghostdriver","driverVersion":"1.2.0","platform":"linux-unknown-64bit","javascriptEnabled":true,"takesScreenshot":true,"handlesAlerts":false,"databaseEnabled":false,"locationContextEnabled":false,"applicationCacheEnabled":false,"browserConnectionEnabled":false,"cssSelectorsEnabled":true,"webStorageEnabled":false,"rotatable":false,"acceptSslCerts":false,"nativeEvents":true,"proxy":{"proxyType":"direct"}}
[INFO  - 2021-12-28T18:47:23.070Z] SessionManagerReqHand - _postNewSessionCommand - New Session Created: 97ffd740-680e-11ec-8246-e1614f4ec6ef
[ERROR - 2021-12-28T18:47:30.025Z] WebElementLocator - _handleLocateCommand - Element(s) NOT Found: GAVE UP. Search Stop Time: 1640717250003
[INFO  - 2021-12-28T18:47:30.873Z] ShutdownReqHand - _handle - About to shutdown
[INFO  - 2021-12-28T18:48:15.494Z] GhostDriver - Main - running on port 8087
[INFO  - 2021-12-28T18:48:15.669Z] Session [b75b0830-680e-11ec-b4d0-afec988e4879] - page.settings - {"XSSAuditingEnabled":false,"javascriptCanCloseWindows":true,"javascriptCanOpenWindows":true,"javascriptEnabled":true,"loadImages":true,"localToRemoteUrlAccessEnabled":false,"userAgent":"Mozilla/5.0 (Unknown; Linux x86_64) AppleWebKit/538.1 (KHTML, like Gecko) PhantomJS/2.1.1 Safari/538.1","webSecurityEnabled":true}
[INFO  - 2021-12-28T18:48:15.669Z] Session [b75b0830-680e-11ec-b4d0-afec988e4879] - page.customHeaders:  - {}
[INFO  - 2021-12-28T18:48:15.669Z] Session [b75b0830-680e-11ec-b4d0-afec988e4879] - Session.negotiatedCapabilities - {"browserName":"phantomjs","version":"2.1.1","driverName":"ghostdriver","driverVersion":"1.2.0","platform":"linux-unknown-64bit","javascriptEnabled":true,"takesScreenshot":true,"handlesAlerts":false,"databaseEnabled":false,"locationContextEnabled":false,"applicationCacheEnabled":false,"browserConnectionEnabled":false,"cssSelectorsEnabled":true,"webStorageEnabled":false,"rotatable":false,"acceptSslCerts":false,"nativeEvents":true,"proxy":{"proxyType":"direct"}}
[INFO  - 2021-12-28T18:48:15.669Z] SessionManagerReqHand - _postNewSessionCommand - New Session Created: b75b0830-680e-11ec-b4d0-afec988e4879
[INFO  - 2021-12-28T18:48:17.406Z] GhostDriver - Main - running on port 3600
[INFO  - 2021-12-28T18:48:17.439Z] Session [b8691cd0-680e-11ec-ba3c-fbda135aa79c] - page.settings - {"XSSAuditingEnabled":false,"javascriptCanCloseWindows":true,"javascriptCanOpenWindows":true,"javascriptEnabled":true,"loadImages":true,"localToRemoteUrlAccessEnabled":false,"userAgent":"Mozilla/5.0 (Unknown; Linux x86_64) AppleWebKit/538.1 (KHTML, like Gecko) PhantomJS/2.1.1 Safari/538.1","webSecurityEnabled":true}
[INFO  - 2021-12-28T18:48:17.439Z] Session [b8691cd0-680e-11ec-ba3c-fbda135aa79c] - page.customHeaders:  - {}
[INFO  - 2021-12-28T18:48:17.439Z] Session [b8691cd0-680e-11ec-ba3c-fbda135aa79c] - Session.negotiatedCapabilities - {"browserName":"phantomjs","version":"2.1.1","driverName":"ghostdriver","driverVersion":"1.2.0","platform":"linux-unknown-64bit","javascriptEnabled":true,"takesScreenshot":true,"handlesAlerts":false,"databaseEnabled":false,"locationContextEnabled":false,"applicationCacheEnabled":false,"browserConnectionEnabled":false,"cssSelectorsEnabled":true,"webStorageEnabled":false,"rotatable":false,"acceptSslCerts":false,"nativeEvents":true,"proxy":{"proxyType":"direct"}}
[INFO  - 2021-12-28T18:48:17.439Z] SessionManagerReqHand - _postNewSessionCommand - New Session Created: b8691cd0-680e-11ec-ba3c-fbda135aa79c
[INFO  - 2021-12-28T18:48:24.155Z] ShutdownReqHand - _handle - About to shutdown
[INFO  - 2021-12-28T18:48:25.384Z] GhostDriver - Main - running on port 14309
[INFO  - 2021-12-28T18:48:25.415Z] Session [bd2a2750-680e-11ec-9ea8-f3e5f785ad79] - page.settings - {"XSSAuditingEnabled":false,"javascriptCanCloseWindows":true,"javascriptCanOpenWindows":true,"javascriptEnabled":true,"loadImages":true,"localToRemoteUrlAccessEnabled":false,"userAgent":"Mozilla/5.0 (Unknown; Linux x86_64) AppleWebKit/538.1 (KHTML, like Gecko) PhantomJS/2.1.1 Safari/538.1","webSecurityEnabled":true}
[INFO  - 2021-12-28T18:48:25.415Z] Session [bd2a2750-680e-11ec-9ea8-f3e5f785ad79] - page.customHeaders:  - {}
[INFO  - 2021-12-28T18:48:25.416Z] Session [bd2a2750-680e-11ec-9ea8-f3e5f785ad79] - Session.negotiatedCapabilities - {"browserName":"phantomjs","version":"2.1.1","driverName":"ghostdriver","driverVersion":"1.2.0","platform":"linux-unknown-64bit","javascriptEnabled":true,"takesScreenshot":true,"handlesAlerts":false,"databaseEnabled":false,"locationContextEnabled":false,"applicationCacheEnabled":false,"browserConnectionEnabled":false,"cssSelectorsEnabled":true,"webStorageEnabled":false,"rotatable":false,"acceptSslCerts":false,"nativeEvents":true,"proxy":{"proxyType":"direct"}}
[INFO  - 2021-12-28T18:48:25.416Z] SessionManagerReqHand - _postNewSessionCommand - New Session Created: bd2a2750-680e-11ec-9ea8-f3e5f785ad79
[ERROR - 2021-12-28T18:48:30.776Z] WebElementLocator - _handleLocateCommand - Element(s) NOT Found: GAVE UP. Search Stop Time: 1640717310741
[INFO  - 2021-12-28T18:48:31.580Z] ShutdownReqHand - _handle - About to shutdown
[INFO  - 2021-12-28T18:49:27.431Z] GhostDriver - Main - running on port 1559
[INFO  - 2021-12-28T18:49:27.477Z] Session [e2281030-680e-11ec-bac8-d9a2b42821f3] - page.settings - {"XSSAuditingEnabled":false,"javascriptCanCloseWindows":true,"javascriptCanOpenWindows":true,"javascriptEnabled":true,"loadImages":true,"localToRemoteUrlAccessEnabled":false,"userAgent":"Mozilla/5.0 (Unknown; Linux x86_64) AppleWebKit/538.1 (KHTML, like Gecko) PhantomJS/2.1.1 Safari/538.1","webSecurityEnabled":true}
[INFO  - 2021-12-28T18:49:27.477Z] Session [e2281030-680e-11ec-bac8-d9a2b42821f3] - page.customHeaders:  - {}
[INFO  - 2021-12-28T18:49:27.477Z] Session [e2281030-680e-11ec-bac8-d9a2b42821f3] - Session.negotiatedCapabilities - {"browserName":"phantomjs","version":"2.1.1","driverName":"ghostdriver","driverVersion":"1.2.0","platform":"linux-unknown-64bit","javascriptEnabled":true,"takesScreenshot":true,"handlesAlerts":false,"databaseEnabled":false,"locationContextEnabled":false,"applicationCacheEnabled":false,"browserConnectionEnabled":false,"cssSelectorsEnabled":true,"webStorageEnabled":false,"rotatable":false,"acceptSslCerts":false,"nativeEvents":true,"proxy":{"proxyType":"direct"}}
[INFO  - 2021-12-28T18:49:27.477Z] SessionManagerReqHand - _postNewSessionCommand - New Session Created: e2281030-680e-11ec-bac8-d9a2b42821f3
[INFO  - 2021-12-28T18:49:32.781Z] ShutdownReqHand - _handle - About to shutdown
[INFO  - 2021-12-28T18:49:34.392Z] GhostDriver - Main - running on port 29393
[INFO  - 2021-12-28T18:49:34.427Z] Session [e64c8c90-680e-11ec-9c34-13f66671b0bf] - page.settings - {"XSSAuditingEnabled":false,"javascriptCanCloseWindows":true,"javascriptCanOpenWindows":true,"javascriptEnabled":true,"loadImages":true,"localToRemoteUrlAccessEnabled":false,"userAgent":"Mozilla/5.0 (Unknown; Linux x86_64) AppleWebKit/538.1 (KHTML, like Gecko) PhantomJS/2.1.1 Safari/538.1","webSecurityEnabled":true}
[INFO  - 2021-12-28T18:49:34.427Z] Session [e64c8c90-680e-11ec-9c34-13f66671b0bf] - page.customHeaders:  - {}
[INFO  - 2021-12-28T18:49:34.427Z] Session [e64c8c90-680e-11ec-9c34-13f66671b0bf] - Session.negotiatedCapabilities - {"browserName":"phantomjs","version":"2.1.1","driverName":"ghostdriver","driverVersion":"1.2.0","platform":"linux-unknown-64bit","javascriptEnabled":true,"takesScreenshot":true,"handlesAlerts":false,"databaseEnabled":false,"locationContextEnabled":false,"applicationCacheEnabled":false,"browserConnectionEnabled":false,"cssSelectorsEnabled":true,"webStorageEnabled":false,"rotatable":false,"acceptSslCerts":false,"nativeEvents":true,"proxy":{"proxyType":"direct"}}
[INFO  - 2021-12-28T18:49:34.427Z] SessionManagerReqHand - _postNewSessionCommand - New Session Created: e64c8c90-680e-11ec-9c34-13f66671b0bf
[INFO  - 2021-12-28T18:49:40.612Z] ShutdownReqHand - _handle - About to shutdown
[INFO  - 2021-12-28T18:50:38.530Z] GhostDriver - Main - running on port 8532
[INFO  - 2021-12-28T18:50:38.693Z] Session [0c9ac330-680f-11ec-84c0-7d20133b2816] - page.settings - {"XSSAuditingEnabled":false,"javascriptCanCloseWindows":true,"javascriptCanOpenWindows":true,"javascriptEnabled":true,"loadImages":true,"localToRemoteUrlAccessEnabled":false,"userAgent":"Mozilla/5.0 (Unknown; Linux x86_64) AppleWebKit/538.1 (KHTML, like Gecko) PhantomJS/2.1.1 Safari/538.1","webSecurityEnabled":true}
[INFO  - 2021-12-28T18:50:38.693Z] Session [0c9ac330-680f-11ec-84c0-7d20133b2816] - page.customHeaders:  - {}
[INFO  - 2021-12-28T18:50:38.693Z] Session [0c9ac330-680f-11ec-84c0-7d20133b2816] - Session.negotiatedCapabilities - {"browserName":"phantomjs","version":"2.1.1","driverName":"ghostdriver","driverVersion":"1.2.0","platform":"linux-unknown-64bit","javascriptEnabled":true,"takesScreenshot":true,"handlesAlerts":false,"databaseEnabled":false,"locationContextEnabled":false,"applicationCacheEnabled":false,"browserConnectionEnabled":false,"cssSelectorsEnabled":true,"webStorageEnabled":false,"rotatable":false,"acceptSslCerts":false,"nativeEvents":true,"proxy":{"proxyType":"direct"}}
[INFO  - 2021-12-28T18:50:38.693Z] SessionManagerReqHand - _postNewSessionCommand - New Session Created: 0c9ac330-680f-11ec-84c0-7d20133b2816
[INFO  - 2021-12-28T18:50:45.720Z] ShutdownReqHand - _handle - About to shutdown
[INFO  - 2021-12-28T18:50:47.612Z] GhostDriver - Main - running on port 21300
[INFO  - 2021-12-28T18:50:47.648Z] Session [11f12fe0-680f-11ec-abad-ed29ed3b36ca] - page.settings - {"XSSAuditingEnabled":false,"javascriptCanCloseWindows":true,"javascriptCanOpenWindows":true,"javascriptEnabled":true,"loadImages":true,"localToRemoteUrlAccessEnabled":false,"userAgent":"Mozilla/5.0 (Unknown; Linux x86_64) AppleWebKit/538.1 (KHTML, like Gecko) PhantomJS/2.1.1 Safari/538.1","webSecurityEnabled":true}
[INFO  - 2021-12-28T18:50:47.648Z] Session [11f12fe0-680f-11ec-abad-ed29ed3b36ca] - page.customHeaders:  - {}
[INFO  - 2021-12-28T18:50:47.648Z] Session [11f12fe0-680f-11ec-abad-ed29ed3b36ca] - Session.negotiatedCapabilities - {"browserName":"phantomjs","version":"2.1.1","driverName":"ghostdriver","driverVersion":"1.2.0","platform":"linux-unknown-64bit","javascriptEnabled":true,"takesScreenshot":true,"handlesAlerts":false,"databaseEnabled":false,"locationContextEnabled":false,"applicationCacheEnabled":false,"browserConnectionEnabled":false,"cssSelectorsEnabled":true,"webStorageEnabled":false,"rotatable":false,"acceptSslCerts":false,"nativeEvents":true,"proxy":{"proxyType":"direct"}}
[INFO  - 2021-12-28T18:50:47.648Z] SessionManagerReqHand - _postNewSessionCommand - New Session Created: 11f12fe0-680f-11ec-abad-ed29ed3b36ca
[ERROR - 2021-12-28T18:50:54.643Z] WebElementLocator - _handleLocateCommand - Element(s) NOT Found: GAVE UP. Search Stop Time: 1640717454628
[INFO  - 2021-12-28T18:50:55.446Z] ShutdownReqHand - _handle - About to shutdown
[INFO  - 2021-12-28T18:51:27.512Z] GhostDriver - Main - running on port 23286
[INFO  - 2021-12-28T18:51:27.685Z] Session [29ce5930-680f-11ec-8a64-1d245ae0b910] - page.settings - {"XSSAuditingEnabled":false,"javascriptCanCloseWindows":true,"javascriptCanOpenWindows":true,"javascriptEnabled":true,"loadImages":true,"localToRemoteUrlAccessEnabled":false,"userAgent":"Mozilla/5.0 (Unknown; Linux x86_64) AppleWebKit/538.1 (KHTML, like Gecko) PhantomJS/2.1.1 Safari/538.1","webSecurityEnabled":true}
[INFO  - 2021-12-28T18:51:27.685Z] Session [29ce5930-680f-11ec-8a64-1d245ae0b910] - page.customHeaders:  - {}
[INFO  - 2021-12-28T18:51:27.686Z] Session [29ce5930-680f-11ec-8a64-1d245ae0b910] - Session.negotiatedCapabilities - {"browserName":"phantomjs","version":"2.1.1","driverName":"ghostdriver","driverVersion":"1.2.0","platform":"linux-unknown-64bit","javascriptEnabled":true,"takesScreenshot":true,"handlesAlerts":false,"databaseEnabled":false,"locationContextEnabled":false,"applicationCacheEnabled":false,"browserConnectionEnabled":false,"cssSelectorsEnabled":true,"webStorageEnabled":false,"rotatable":false,"acceptSslCerts":false,"nativeEvents":true,"proxy":{"proxyType":"direct"}}
[INFO  - 2021-12-28T18:51:27.686Z] SessionManagerReqHand - _postNewSessionCommand - New Session Created: 29ce5930-680f-11ec-8a64-1d245ae0b910
[INFO  - 2021-12-28T18:51:36.944Z] ShutdownReqHand - _handle - About to shutdown
[INFO  - 2021-12-28T18:51:38.002Z] GhostDriver - Main - running on port 7451
[INFO  - 2021-12-28T18:51:38.036Z] Session [2ff9c920-680f-11ec-b7b7-312149e8e601] - page.settings - {"XSSAuditingEnabled":false,"javascriptCanCloseWindows":true,"javascriptCanOpenWindows":true,"javascriptEnabled":true,"loadImages":true,"localToRemoteUrlAccessEnabled":false,"userAgent":"Mozilla/5.0 (Unknown; Linux x86_64) AppleWebKit/538.1 (KHTML, like Gecko) PhantomJS/2.1.1 Safari/538.1","webSecurityEnabled":true}
[INFO  - 2021-12-28T18:51:38.036Z] Session [2ff9c920-680f-11ec-b7b7-312149e8e601] - page.customHeaders:  - {}
[INFO  - 2021-12-28T18:51:38.036Z] Session [2ff9c920-680f-11ec-b7b7-312149e8e601] - Session.negotiatedCapabilities - {"browserName":"phantomjs","version":"2.1.1","driverName":"ghostdriver","driverVersion":"1.2.0","platform":"linux-unknown-64bit","javascriptEnabled":true,"takesScreenshot":true,"handlesAlerts":false,"databaseEnabled":false,"locationContextEnabled":false,"applicationCacheEnabled":false,"browserConnectionEnabled":false,"cssSelectorsEnabled":true,"webStorageEnabled":false,"rotatable":false,"acceptSslCerts":false,"nativeEvents":true,"proxy":{"proxyType":"direct"}}
[INFO  - 2021-12-28T18:51:38.036Z] SessionManagerReqHand - _postNewSessionCommand - New Session Created: 2ff9c920-680f-11ec-b7b7-312149e8e601
[ERROR - 2021-12-28T18:51:43.233Z] WebElementLocator - _handleLocateCommand - Element(s) NOT Found: GAVE UP. Search Stop Time: 1640717503209
[INFO  - 2021-12-28T18:51:44.114Z] ShutdownReqHand - _handle - About to shutdown
[INFO  - 2021-12-28T18:52:26.433Z] GhostDriver - Main - running on port 24939
[INFO  - 2021-12-28T18:52:26.604Z] Session [4cecaca0-680f-11ec-bfef-07cb1c4d0f84] - page.settings - {"XSSAuditingEnabled":false,"javascriptCanCloseWindows":true,"javascriptCanOpenWindows":true,"javascriptEnabled":true,"loadImages":true,"localToRemoteUrlAccessEnabled":false,"userAgent":"Mozilla/5.0 (Unknown; Linux x86_64) AppleWebKit/538.1 (KHTML, like Gecko) PhantomJS/2.1.1 Safari/538.1","webSecurityEnabled":true}
[INFO  - 2021-12-28T18:52:26.604Z] Session [4cecaca0-680f-11ec-bfef-07cb1c4d0f84] - page.customHeaders:  - {}
[INFO  - 2021-12-28T18:52:26.604Z] Session [4cecaca0-680f-11ec-bfef-07cb1c4d0f84] - Session.negotiatedCapabilities - {"browserName":"phantomjs","version":"2.1.1","driverName":"ghostdriver","driverVersion":"1.2.0","platform":"linux-unknown-64bit","javascriptEnabled":true,"takesScreenshot":true,"handlesAlerts":false,"databaseEnabled":false,"locationContextEnabled":false,"applicationCacheEnabled":false,"browserConnectionEnabled":false,"cssSelectorsEnabled":true,"webStorageEnabled":false,"rotatable":false,"acceptSslCerts":false,"nativeEvents":true,"proxy":{"proxyType":"direct"}}
[INFO  - 2021-12-28T18:52:26.605Z] SessionManagerReqHand - _postNewSessionCommand - New Session Created: 4cecaca0-680f-11ec-bfef-07cb1c4d0f84
[INFO  - 2021-12-28T18:52:32.971Z] ShutdownReqHand - _handle - About to shutdown
[INFO  - 2021-12-28T18:52:34.441Z] GhostDriver - Main - running on port 23721
[INFO  - 2021-12-28T18:52:34.488Z] Session [519f1120-680f-11ec-8d85-5fa86095787f] - page.settings - {"XSSAuditingEnabled":false,"javascriptCanCloseWindows":true,"javascriptCanOpenWindows":true,"javascriptEnabled":true,"loadImages":true,"localToRemoteUrlAccessEnabled":false,"userAgent":"Mozilla/5.0 (Unknown; Linux x86_64) AppleWebKit/538.1 (KHTML, like Gecko) PhantomJS/2.1.1 Safari/538.1","webSecurityEnabled":true}
[INFO  - 2021-12-28T18:52:34.488Z] Session [519f1120-680f-11ec-8d85-5fa86095787f] - page.customHeaders:  - {}
[INFO  - 2021-12-28T18:52:34.488Z] Session [519f1120-680f-11ec-8d85-5fa86095787f] - Session.negotiatedCapabilities - {"browserName":"phantomjs","version":"2.1.1","driverName":"ghostdriver","driverVersion":"1.2.0","platform":"linux-unknown-64bit","javascriptEnabled":true,"takesScreenshot":true,"handlesAlerts":false,"databaseEnabled":false,"locationContextEnabled":false,"applicationCacheEnabled":false,"browserConnectionEnabled":false,"cssSelectorsEnabled":true,"webStorageEnabled":false,"rotatable":false,"acceptSslCerts":false,"nativeEvents":true,"proxy":{"proxyType":"direct"}}
[INFO  - 2021-12-28T18:52:34.488Z] SessionManagerReqHand - _postNewSessionCommand - New Session Created: 519f1120-680f-11ec-8d85-5fa86095787f
[ERROR - 2021-12-28T18:52:40.551Z] WebElementLocator - _handleLocateCommand - Element(s) NOT Found: GAVE UP. Search Stop Time: 1640717560519
[INFO  - 2021-12-28T18:52:41.514Z] ShutdownReqHand - _handle - About to shutdown
[INFO  - 2021-12-28T18:53:15.553Z] SessionManagerReqHand - _cleanupWindowlessSessions - Asynchronous Sessions clean-up phase starting NOW
[INFO  - 2021-12-28T18:53:16.109Z] GhostDriver - Main - running on port 18715
[INFO  - 2021-12-28T18:53:16.240Z] Session [6a8286e0-680f-11ec-9752-bbdbdab2065b] - page.settings - {"XSSAuditingEnabled":false,"javascriptCanCloseWindows":true,"javascriptCanOpenWindows":true,"javascriptEnabled":true,"loadImages":true,"localToRemoteUrlAccessEnabled":false,"userAgent":"Mozilla/5.0 (Unknown; Linux x86_64) AppleWebKit/538.1 (KHTML, like Gecko) PhantomJS/2.1.1 Safari/538.1","webSecurityEnabled":true}
[INFO  - 2021-12-28T18:53:16.241Z] Session [6a8286e0-680f-11ec-9752-bbdbdab2065b] - page.customHeaders:  - {}
[INFO  - 2021-12-28T18:53:16.241Z] Session [6a8286e0-680f-11ec-9752-bbdbdab2065b] - Session.negotiatedCapabilities - {"browserName":"phantomjs","version":"2.1.1","driverName":"ghostdriver","driverVersion":"1.2.0","platform":"linux-unknown-64bit","javascriptEnabled":true,"takesScreenshot":true,"handlesAlerts":false,"databaseEnabled":false,"locationContextEnabled":false,"applicationCacheEnabled":false,"browserConnectionEnabled":false,"cssSelectorsEnabled":true,"webStorageEnabled":false,"rotatable":false,"acceptSslCerts":false,"nativeEvents":true,"proxy":{"proxyType":"direct"}}
[INFO  - 2021-12-28T18:53:16.241Z] SessionManagerReqHand - _postNewSessionCommand - New Session Created: 6a8286e0-680f-11ec-9752-bbdbdab2065b
[INFO  - 2021-12-28T18:53:25.939Z] ShutdownReqHand - _handle - About to shutdown
[INFO  - 2021-12-28T18:53:27.046Z] GhostDriver - Main - running on port 24388
[INFO  - 2021-12-28T18:53:27.084Z] Session [70f930a0-680f-11ec-ac4b-a12fa086287d] - page.settings - {"XSSAuditingEnabled":false,"javascriptCanCloseWindows":true,"javascriptCanOpenWindows":true,"javascriptEnabled":true,"loadImages":true,"localToRemoteUrlAccessEnabled":false,"userAgent":"Mozilla/5.0 (Unknown; Linux x86_64) AppleWebKit/538.1 (KHTML, like Gecko) PhantomJS/2.1.1 Safari/538.1","webSecurityEnabled":true}
[INFO  - 2021-12-28T18:53:27.084Z] Session [70f930a0-680f-11ec-ac4b-a12fa086287d] - page.customHeaders:  - {}
[INFO  - 2021-12-28T18:53:27.084Z] Session [70f930a0-680f-11ec-ac4b-a12fa086287d] - Session.negotiatedCapabilities - {"browserName":"phantomjs","version":"2.1.1","driverName":"ghostdriver","driverVersion":"1.2.0","platform":"linux-unknown-64bit","javascriptEnabled":true,"takesScreenshot":true,"handlesAlerts":false,"databaseEnabled":false,"locationContextEnabled":false,"applicationCacheEnabled":false,"browserConnectionEnabled":false,"cssSelectorsEnabled":true,"webStorageEnabled":false,"rotatable":false,"acceptSslCerts":false,"nativeEvents":true,"proxy":{"proxyType":"direct"}}
[INFO  - 2021-12-28T18:53:27.084Z] SessionManagerReqHand - _postNewSessionCommand - New Session Created: 70f930a0-680f-11ec-ac4b-a12fa086287d
[ERROR - 2021-12-28T18:53:33.360Z] WebElementLocator - _handleLocateCommand - Element(s) NOT Found: GAVE UP. Search Stop Time: 1640717613339
[INFO  - 2021-12-28T18:53:34.188Z] ShutdownReqHand - _handle - About to shutdown
[INFO  - 2021-12-28T18:53:57.778Z] GhostDriver - Main - running on port 17050
[INFO  - 2021-12-28T18:53:57.899Z] Session [83572f90-680f-11ec-b6b9-e582884a3778] - page.settings - {"XSSAuditingEnabled":false,"javascriptCanCloseWindows":true,"javascriptCanOpenWindows":true,"javascriptEnabled":true,"loadImages":true,"localToRemoteUrlAccessEnabled":false,"userAgent":"Mozilla/5.0 (Unknown; Linux x86_64) AppleWebKit/538.1 (KHTML, like Gecko) PhantomJS/2.1.1 Safari/538.1","webSecurityEnabled":true}
[INFO  - 2021-12-28T18:53:57.899Z] Session [83572f90-680f-11ec-b6b9-e582884a3778] - page.customHeaders:  - {}
[INFO  - 2021-12-28T18:53:57.899Z] Session [83572f90-680f-11ec-b6b9-e582884a3778] - Session.negotiatedCapabilities - {"browserName":"phantomjs","version":"2.1.1","driverName":"ghostdriver","driverVersion":"1.2.0","platform":"linux-unknown-64bit","javascriptEnabled":true,"takesScreenshot":true,"handlesAlerts":false,"databaseEnabled":false,"locationContextEnabled":false,"applicationCacheEnabled":false,"browserConnectionEnabled":false,"cssSelectorsEnabled":true,"webStorageEnabled":false,"rotatable":false,"acceptSslCerts":false,"nativeEvents":true,"proxy":{"proxyType":"direct"}}
[INFO  - 2021-12-28T18:53:57.899Z] SessionManagerReqHand - _postNewSessionCommand - New Session Created: 83572f90-680f-11ec-b6b9-e582884a3778
[INFO  - 2021-12-28T18:53:59.670Z] GhostDriver - Main - running on port 20775
[INFO  - 2021-12-28T18:53:59.721Z] Session [846d3370-680f-11ec-9a3d-5fb95a39980f] - page.settings - {"XSSAuditingEnabled":false,"javascriptCanCloseWindows":true,"javascriptCanOpenWindows":true,"javascriptEnabled":true,"loadImages":true,"localToRemoteUrlAccessEnabled":false,"userAgent":"Mozilla/5.0 (Unknown; Linux x86_64) AppleWebKit/538.1 (KHTML, like Gecko) PhantomJS/2.1.1 Safari/538.1","webSecurityEnabled":true}
[INFO  - 2021-12-28T18:53:59.721Z] Session [846d3370-680f-11ec-9a3d-5fb95a39980f] - page.customHeaders:  - {}
[INFO  - 2021-12-28T18:53:59.721Z] Session [846d3370-680f-11ec-9a3d-5fb95a39980f] - Session.negotiatedCapabilities - {"browserName":"phantomjs","version":"2.1.1","driverName":"ghostdriver","driverVersion":"1.2.0","platform":"linux-unknown-64bit","javascriptEnabled":true,"takesScreenshot":true,"handlesAlerts":false,"databaseEnabled":false,"locationContextEnabled":false,"applicationCacheEnabled":false,"browserConnectionEnabled":false,"cssSelectorsEnabled":true,"webStorageEnabled":false,"rotatable":false,"acceptSslCerts":false,"nativeEvents":true,"proxy":{"proxyType":"direct"}}
[INFO  - 2021-12-28T18:53:59.721Z] SessionManagerReqHand - _postNewSessionCommand - New Session Created: 846d3370-680f-11ec-9a3d-5fb95a39980f
[INFO  - 2021-12-28T18:54:06.137Z] ShutdownReqHand - _handle - About to shutdown
[INFO  - 2021-12-28T18:54:07.099Z] GhostDriver - Main - running on port 1968
[INFO  - 2021-12-28T18:54:07.130Z] Session [88d7b980-680f-11ec-9e2e-2bf8c97f5bf1] - page.settings - {"XSSAuditingEnabled":false,"javascriptCanCloseWindows":true,"javascriptCanOpenWindows":true,"javascriptEnabled":true,"loadImages":true,"localToRemoteUrlAccessEnabled":false,"userAgent":"Mozilla/5.0 (Unknown; Linux x86_64) AppleWebKit/538.1 (KHTML, like Gecko) PhantomJS/2.1.1 Safari/538.1","webSecurityEnabled":true}
[INFO  - 2021-12-28T18:54:07.130Z] Session [88d7b980-680f-11ec-9e2e-2bf8c97f5bf1] - page.customHeaders:  - {}
[INFO  - 2021-12-28T18:54:07.130Z] Session [88d7b980-680f-11ec-9e2e-2bf8c97f5bf1] - Session.negotiatedCapabilities - {"browserName":"phantomjs","version":"2.1.1","driverName":"ghostdriver","driverVersion":"1.2.0","platform":"linux-unknown-64bit","javascriptEnabled":true,"takesScreenshot":true,"handlesAlerts":false,"databaseEnabled":false,"locationContextEnabled":false,"applicationCacheEnabled":false,"browserConnectionEnabled":false,"cssSelectorsEnabled":true,"webStorageEnabled":false,"rotatable":false,"acceptSslCerts":false,"nativeEvents":true,"proxy":{"proxyType":"direct"}}
[INFO  - 2021-12-28T18:54:07.130Z] SessionManagerReqHand - _postNewSessionCommand - New Session Created: 88d7b980-680f-11ec-9e2e-2bf8c97f5bf1
[ERROR - 2021-12-28T18:54:13.161Z] WebElementLocator - _handleLocateCommand - Element(s) NOT Found: GAVE UP. Search Stop Time: 1640717653136
[INFO  - 2021-12-28T18:54:14.009Z] ShutdownReqHand - _handle - About to shutdown
[INFO  - 2021-12-28T18:55:13.874Z] GhostDriver - Main - running on port 17038
[INFO  - 2021-12-28T18:55:13.924Z] Session [b0a711e0-680f-11ec-816f-b38bf00b1608] - page.settings - {"XSSAuditingEnabled":false,"javascriptCanCloseWindows":true,"javascriptCanOpenWindows":true,"javascriptEnabled":true,"loadImages":true,"localToRemoteUrlAccessEnabled":false,"userAgent":"Mozilla/5.0 (Unknown; Linux x86_64) AppleWebKit/538.1 (KHTML, like Gecko) PhantomJS/2.1.1 Safari/538.1","webSecurityEnabled":true}
[INFO  - 2021-12-28T18:55:13.924Z] Session [b0a711e0-680f-11ec-816f-b38bf00b1608] - page.customHeaders:  - {}
[INFO  - 2021-12-28T18:55:13.924Z] Session [b0a711e0-680f-11ec-816f-b38bf00b1608] - Session.negotiatedCapabilities - {"browserName":"phantomjs","version":"2.1.1","driverName":"ghostdriver","driverVersion":"1.2.0","platform":"linux-unknown-64bit","javascriptEnabled":true,"takesScreenshot":true,"handlesAlerts":false,"databaseEnabled":false,"locationContextEnabled":false,"applicationCacheEnabled":false,"browserConnectionEnabled":false,"cssSelectorsEnabled":true,"webStorageEnabled":false,"rotatable":false,"acceptSslCerts":false,"nativeEvents":true,"proxy":{"proxyType":"direct"}}
[INFO  - 2021-12-28T18:55:13.924Z] SessionManagerReqHand - _postNewSessionCommand - New Session Created: b0a711e0-680f-11ec-816f-b38bf00b1608
[INFO  - 2021-12-28T18:55:19.680Z] ShutdownReqHand - _handle - About to shutdown
[INFO  - 2021-12-28T18:55:21.136Z] GhostDriver - Main - running on port 3491
[INFO  - 2021-12-28T18:55:21.180Z] Session [b4fadba0-680f-11ec-9b76-8d39cab0ae27] - page.settings - {"XSSAuditingEnabled":false,"javascriptCanCloseWindows":true,"javascriptCanOpenWindows":true,"javascriptEnabled":true,"loadImages":true,"localToRemoteUrlAccessEnabled":false,"userAgent":"Mozilla/5.0 (Unknown; Linux x86_64) AppleWebKit/538.1 (KHTML, like Gecko) PhantomJS/2.1.1 Safari/538.1","webSecurityEnabled":true}
[INFO  - 2021-12-28T18:55:21.180Z] Session [b4fadba0-680f-11ec-9b76-8d39cab0ae27] - page.customHeaders:  - {}
[INFO  - 2021-12-28T18:55:21.180Z] Session [b4fadba0-680f-11ec-9b76-8d39cab0ae27] - Session.negotiatedCapabilities - {"browserName":"phantomjs","version":"2.1.1","driverName":"ghostdriver","driverVersion":"1.2.0","platform":"linux-unknown-64bit","javascriptEnabled":true,"takesScreenshot":true,"handlesAlerts":false,"databaseEnabled":false,"locationContextEnabled":false,"applicationCacheEnabled":false,"browserConnectionEnabled":false,"cssSelectorsEnabled":true,"webStorageEnabled":false,"rotatable":false,"acceptSslCerts":false,"nativeEvents":true,"proxy":{"proxyType":"direct"}}
[INFO  - 2021-12-28T18:55:21.180Z] SessionManagerReqHand - _postNewSessionCommand - New Session Created: b4fadba0-680f-11ec-9b76-8d39cab0ae27
[INFO  - 2021-12-28T18:55:29.315Z] ShutdownReqHand - _handle - About to shutdown
[INFO  - 2021-12-28T18:57:52.516Z] GhostDriver - Main - running on port 18226
[INFO  - 2021-12-28T18:57:52.686Z] Session [0f48d6c0-6810-11ec-9fcb-375a1e0490c6] - page.settings - {"XSSAuditingEnabled":false,"javascriptCanCloseWindows":true,"javascriptCanOpenWindows":true,"javascriptEnabled":true,"loadImages":true,"localToRemoteUrlAccessEnabled":false,"userAgent":"Mozilla/5.0 (Unknown; Linux x86_64) AppleWebKit/538.1 (KHTML, like Gecko) PhantomJS/2.1.1 Safari/538.1","webSecurityEnabled":true}
[INFO  - 2021-12-28T18:57:52.686Z] Session [0f48d6c0-6810-11ec-9fcb-375a1e0490c6] - page.customHeaders:  - {}
[INFO  - 2021-12-28T18:57:52.686Z] Session [0f48d6c0-6810-11ec-9fcb-375a1e0490c6] - Session.negotiatedCapabilities - {"browserName":"phantomjs","version":"2.1.1","driverName":"ghostdriver","driverVersion":"1.2.0","platform":"linux-unknown-64bit","javascriptEnabled":true,"takesScreenshot":true,"handlesAlerts":false,"databaseEnabled":false,"locationContextEnabled":false,"applicationCacheEnabled":false,"browserConnectionEnabled":false,"cssSelectorsEnabled":true,"webStorageEnabled":false,"rotatable":false,"acceptSslCerts":false,"nativeEvents":true,"proxy":{"proxyType":"direct"}}
[INFO  - 2021-12-28T18:57:52.686Z] SessionManagerReqHand - _postNewSessionCommand - New Session Created: 0f48d6c0-6810-11ec-9fcb-375a1e0490c6
[INFO  - 2021-12-28T18:57:54.015Z] GhostDriver - Main - running on port 15891
[INFO  - 2021-12-28T18:57:54.074Z] Session [101b9010-6810-11ec-a6d0-7f4d8248e73a] - page.settings - {"XSSAuditingEnabled":false,"javascriptCanCloseWindows":true,"javascriptCanOpenWindows":true,"javascriptEnabled":true,"loadImages":true,"localToRemoteUrlAccessEnabled":false,"userAgent":"Mozilla/5.0 (Unknown; Linux x86_64) AppleWebKit/538.1 (KHTML, like Gecko) PhantomJS/2.1.1 Safari/538.1","webSecurityEnabled":true}
[INFO  - 2021-12-28T18:57:54.074Z] Session [101b9010-6810-11ec-a6d0-7f4d8248e73a] - page.customHeaders:  - {}
[INFO  - 2021-12-28T18:57:54.075Z] Session [101b9010-6810-11ec-a6d0-7f4d8248e73a] - Session.negotiatedCapabilities - {"browserName":"phantomjs","version":"2.1.1","driverName":"ghostdriver","driverVersion":"1.2.0","platform":"linux-unknown-64bit","javascriptEnabled":true,"takesScreenshot":true,"handlesAlerts":false,"databaseEnabled":false,"locationContextEnabled":false,"applicationCacheEnabled":false,"browserConnectionEnabled":false,"cssSelectorsEnabled":true,"webStorageEnabled":false,"rotatable":false,"acceptSslCerts":false,"nativeEvents":true,"proxy":{"proxyType":"direct"}}
[INFO  - 2021-12-28T18:57:54.075Z] SessionManagerReqHand - _postNewSessionCommand - New Session Created: 101b9010-6810-11ec-a6d0-7f4d8248e73a
[INFO  - 2021-12-28T18:58:01.088Z] ShutdownReqHand - _handle - About to shutdown
[INFO  - 2021-12-28T18:58:02.074Z] GhostDriver - Main - running on port 31089
[INFO  - 2021-12-28T18:58:02.126Z] Session [14e83350-6810-11ec-afa7-7f6fa346be48] - page.settings - {"XSSAuditingEnabled":false,"javascriptCanCloseWindows":true,"javascriptCanOpenWindows":true,"javascriptEnabled":true,"loadImages":true,"localToRemoteUrlAccessEnabled":false,"userAgent":"Mozilla/5.0 (Unknown; Linux x86_64) AppleWebKit/538.1 (KHTML, like Gecko) PhantomJS/2.1.1 Safari/538.1","webSecurityEnabled":true}
[INFO  - 2021-12-28T18:58:02.127Z] Session [14e83350-6810-11ec-afa7-7f6fa346be48] - page.customHeaders:  - {}
[INFO  - 2021-12-28T18:58:02.127Z] Session [14e83350-6810-11ec-afa7-7f6fa346be48] - Session.negotiatedCapabilities - {"browserName":"phantomjs","version":"2.1.1","driverName":"ghostdriver","driverVersion":"1.2.0","platform":"linux-unknown-64bit","javascriptEnabled":true,"takesScreenshot":true,"handlesAlerts":false,"databaseEnabled":false,"locationContextEnabled":false,"applicationCacheEnabled":false,"browserConnectionEnabled":false,"cssSelectorsEnabled":true,"webStorageEnabled":false,"rotatable":false,"acceptSslCerts":false,"nativeEvents":true,"proxy":{"proxyType":"direct"}}
[INFO  - 2021-12-28T18:58:02.127Z] SessionManagerReqHand - _postNewSessionCommand - New Session Created: 14e83350-6810-11ec-afa7-7f6fa346be48
[ERROR - 2021-12-28T18:58:09.165Z] WebElementLocator - _handleLocateCommand - Element(s) NOT Found: GAVE UP. Search Stop Time: 1640717889137
[INFO  - 2021-12-28T18:58:09.962Z] ShutdownReqHand - _handle - About to shutdown
[INFO  - 2021-12-28T18:58:15.552Z] SessionManagerReqHand - _cleanupWindowlessSessions - Asynchronous Sessions clean-up phase starting NOW
[INFO  - 2021-12-28T18:58:57.778Z] SessionManagerReqHand - _cleanupWindowlessSessions - Asynchronous Sessions clean-up phase starting NOW
[INFO  - 2021-12-28T18:59:02.777Z] GhostDriver - Main - running on port 21392
[INFO  - 2021-12-28T18:59:02.817Z] Session [3915d3e0-6810-11ec-9211-5155695f88ea] - page.settings - {"XSSAuditingEnabled":false,"javascriptCanCloseWindows":true,"javascriptCanOpenWindows":true,"javascriptEnabled":true,"loadImages":true,"localToRemoteUrlAccessEnabled":false,"userAgent":"Mozilla/5.0 (Unknown; Linux x86_64) AppleWebKit/538.1 (KHTML, like Gecko) PhantomJS/2.1.1 Safari/538.1","webSecurityEnabled":true}
[INFO  - 2021-12-28T18:59:02.817Z] Session [3915d3e0-6810-11ec-9211-5155695f88ea] - page.customHeaders:  - {}
[INFO  - 2021-12-28T18:59:02.817Z] Session [3915d3e0-6810-11ec-9211-5155695f88ea] - Session.negotiatedCapabilities - {"browserName":"phantomjs","version":"2.1.1","driverName":"ghostdriver","driverVersion":"1.2.0","platform":"linux-unknown-64bit","javascriptEnabled":true,"takesScreenshot":true,"handlesAlerts":false,"databaseEnabled":false,"locationContextEnabled":false,"applicationCacheEnabled":false,"browserConnectionEnabled":false,"cssSelectorsEnabled":true,"webStorageEnabled":false,"rotatable":false,"acceptSslCerts":false,"nativeEvents":true,"proxy":{"proxyType":"direct"}}
[INFO  - 2021-12-28T18:59:02.817Z] SessionManagerReqHand - _postNewSessionCommand - New Session Created: 3915d3e0-6810-11ec-9211-5155695f88ea
[INFO  - 2021-12-28T18:59:08.359Z] ShutdownReqHand - _handle - About to shutdown
[INFO  - 2021-12-28T18:59:09.321Z] GhostDriver - Main - running on port 5294
[INFO  - 2021-12-28T18:59:09.347Z] Session [3cfa6110-6810-11ec-8e8d-53b851292825] - page.settings - {"XSSAuditingEnabled":false,"javascriptCanCloseWindows":true,"javascriptCanOpenWindows":true,"javascriptEnabled":true,"loadImages":true,"localToRemoteUrlAccessEnabled":false,"userAgent":"Mozilla/5.0 (Unknown; Linux x86_64) AppleWebKit/538.1 (KHTML, like Gecko) PhantomJS/2.1.1 Safari/538.1","webSecurityEnabled":true}
[INFO  - 2021-12-28T18:59:09.347Z] Session [3cfa6110-6810-11ec-8e8d-53b851292825] - page.customHeaders:  - {}
[INFO  - 2021-12-28T18:59:09.347Z] Session [3cfa6110-6810-11ec-8e8d-53b851292825] - Session.negotiatedCapabilities - {"browserName":"phantomjs","version":"2.1.1","driverName":"ghostdriver","driverVersion":"1.2.0","platform":"linux-unknown-64bit","javascriptEnabled":true,"takesScreenshot":true,"handlesAlerts":false,"databaseEnabled":false,"locationContextEnabled":false,"applicationCacheEnabled":false,"browserConnectionEnabled":false,"cssSelectorsEnabled":true,"webStorageEnabled":false,"rotatable":false,"acceptSslCerts":false,"nativeEvents":true,"proxy":{"proxyType":"direct"}}
[INFO  - 2021-12-28T18:59:09.347Z] SessionManagerReqHand - _postNewSessionCommand - New Session Created: 3cfa6110-6810-11ec-8e8d-53b851292825
[INFO  - 2021-12-28T18:59:14.558Z] ShutdownReqHand - _handle - About to shutdown
[INFO  - 2021-12-28T18:59:58.717Z] GhostDriver - Main - running on port 11402
[INFO  - 2021-12-28T18:59:58.882Z] Session [5a80d200-6810-11ec-be51-73f522a07ea5] - page.settings - {"XSSAuditingEnabled":false,"javascriptCanCloseWindows":true,"javascriptCanOpenWindows":true,"javascriptEnabled":true,"loadImages":true,"localToRemoteUrlAccessEnabled":false,"userAgent":"Mozilla/5.0 (Unknown; Linux x86_64) AppleWebKit/538.1 (KHTML, like Gecko) PhantomJS/2.1.1 Safari/538.1","webSecurityEnabled":true}
[INFO  - 2021-12-28T18:59:58.882Z] Session [5a80d200-6810-11ec-be51-73f522a07ea5] - page.customHeaders:  - {}
[INFO  - 2021-12-28T18:59:58.882Z] Session [5a80d200-6810-11ec-be51-73f522a07ea5] - Session.negotiatedCapabilities - {"browserName":"phantomjs","version":"2.1.1","driverName":"ghostdriver","driverVersion":"1.2.0","platform":"linux-unknown-64bit","javascriptEnabled":true,"takesScreenshot":true,"handlesAlerts":false,"databaseEnabled":false,"locationContextEnabled":false,"applicationCacheEnabled":false,"browserConnectionEnabled":false,"cssSelectorsEnabled":true,"webStorageEnabled":false,"rotatable":false,"acceptSslCerts":false,"nativeEvents":true,"proxy":{"proxyType":"direct"}}
[INFO  - 2021-12-28T18:59:58.882Z] SessionManagerReqHand - _postNewSessionCommand - New Session Created: 5a80d200-6810-11ec-be51-73f522a07ea5
[INFO  - 2021-12-28T19:00:06.252Z] ShutdownReqHand - _handle - About to shutdown
[INFO  - 2021-12-28T19:00:07.640Z] GhostDriver - Main - running on port 13959
[INFO  - 2021-12-28T19:00:07.671Z] Session [5fbdea50-6810-11ec-ad85-356cacff6df7] - page.settings - {"XSSAuditingEnabled":false,"javascriptCanCloseWindows":true,"javascriptCanOpenWindows":true,"javascriptEnabled":true,"loadImages":true,"localToRemoteUrlAccessEnabled":false,"userAgent":"Mozilla/5.0 (Unknown; Linux x86_64) AppleWebKit/538.1 (KHTML, like Gecko) PhantomJS/2.1.1 Safari/538.1","webSecurityEnabled":true}
[INFO  - 2021-12-28T19:00:07.671Z] Session [5fbdea50-6810-11ec-ad85-356cacff6df7] - page.customHeaders:  - {}
[INFO  - 2021-12-28T19:00:07.671Z] Session [5fbdea50-6810-11ec-ad85-356cacff6df7] - Session.negotiatedCapabilities - {"browserName":"phantomjs","version":"2.1.1","driverName":"ghostdriver","driverVersion":"1.2.0","platform":"linux-unknown-64bit","javascriptEnabled":true,"takesScreenshot":true,"handlesAlerts":false,"databaseEnabled":false,"locationContextEnabled":false,"applicationCacheEnabled":false,"browserConnectionEnabled":false,"cssSelectorsEnabled":true,"webStorageEnabled":false,"rotatable":false,"acceptSslCerts":false,"nativeEvents":true,"proxy":{"proxyType":"direct"}}
[INFO  - 2021-12-28T19:00:07.671Z] SessionManagerReqHand - _postNewSessionCommand - New Session Created: 5fbdea50-6810-11ec-ad85-356cacff6df7
[ERROR - 2021-12-28T19:00:12.987Z] WebElementLocator - _handleLocateCommand - Element(s) NOT Found: GAVE UP. Search Stop Time: 1640718012947
[INFO  - 2021-12-28T19:00:13.814Z] ShutdownReqHand - _handle - About to shutdown
[INFO  - 2021-12-28T19:02:40.637Z] GhostDriver - Main - running on port 8785
[INFO  - 2021-12-28T19:02:40.809Z] Session [bb051280-6810-11ec-ba00-9fb93ee5cb48] - page.settings - {"XSSAuditingEnabled":false,"javascriptCanCloseWindows":true,"javascriptCanOpenWindows":true,"javascriptEnabled":true,"loadImages":true,"localToRemoteUrlAccessEnabled":false,"userAgent":"Mozilla/5.0 (Unknown; Linux x86_64) AppleWebKit/538.1 (KHTML, like Gecko) PhantomJS/2.1.1 Safari/538.1","webSecurityEnabled":true}
[INFO  - 2021-12-28T19:02:40.809Z] Session [bb051280-6810-11ec-ba00-9fb93ee5cb48] - page.customHeaders:  - {}
[INFO  - 2021-12-28T19:02:40.809Z] Session [bb051280-6810-11ec-ba00-9fb93ee5cb48] - Session.negotiatedCapabilities - {"browserName":"phantomjs","version":"2.1.1","driverName":"ghostdriver","driverVersion":"1.2.0","platform":"linux-unknown-64bit","javascriptEnabled":true,"takesScreenshot":true,"handlesAlerts":false,"databaseEnabled":false,"locationContextEnabled":false,"applicationCacheEnabled":false,"browserConnectionEnabled":false,"cssSelectorsEnabled":true,"webStorageEnabled":false,"rotatable":false,"acceptSslCerts":false,"nativeEvents":true,"proxy":{"proxyType":"direct"}}
[INFO  - 2021-12-28T19:02:40.810Z] SessionManagerReqHand - _postNewSessionCommand - New Session Created: bb051280-6810-11ec-ba00-9fb93ee5cb48
[INFO  - 2021-12-28T19:02:52.550Z] SessionManagerReqHand - _cleanupWindowlessSessions - Asynchronous Sessions clean-up phase starting NOW
[INFO  - 2021-12-28T19:02:56.021Z] ShutdownReqHand - _handle - About to shutdown
[INFO  - 2021-12-28T19:02:58.076Z] GhostDriver - Main - running on port 26336
[INFO  - 2021-12-28T19:02:58.106Z] Session [c5543b80-6810-11ec-83eb-4f36df63f427] - page.settings - {"XSSAuditingEnabled":false,"javascriptCanCloseWindows":true,"javascriptCanOpenWindows":true,"javascriptEnabled":true,"loadImages":true,"localToRemoteUrlAccessEnabled":false,"userAgent":"Mozilla/5.0 (Unknown; Linux x86_64) AppleWebKit/538.1 (KHTML, like Gecko) PhantomJS/2.1.1 Safari/538.1","webSecurityEnabled":true}
[INFO  - 2021-12-28T19:02:58.106Z] Session [c5543b80-6810-11ec-83eb-4f36df63f427] - page.customHeaders:  - {}
[INFO  - 2021-12-28T19:02:58.106Z] Session [c5543b80-6810-11ec-83eb-4f36df63f427] - Session.negotiatedCapabilities - {"browserName":"phantomjs","version":"2.1.1","driverName":"ghostdriver","driverVersion":"1.2.0","platform":"linux-unknown-64bit","javascriptEnabled":true,"takesScreenshot":true,"handlesAlerts":false,"databaseEnabled":false,"locationContextEnabled":false,"applicationCacheEnabled":false,"browserConnectionEnabled":false,"cssSelectorsEnabled":true,"webStorageEnabled":false,"rotatable":false,"acceptSslCerts":false,"nativeEvents":true,"proxy":{"proxyType":"direct"}}
[INFO  - 2021-12-28T19:02:58.106Z] SessionManagerReqHand - _postNewSessionCommand - New Session Created: c5543b80-6810-11ec-83eb-4f36df63f427
[ERROR - 2021-12-28T19:03:05.919Z] WebElementLocator - _handleLocateCommand - Element(s) NOT Found: GAVE UP. Search Stop Time: 1640718185898
[INFO  - 2021-12-28T19:03:06.792Z] ShutdownReqHand - _handle - About to shutdown
[INFO  - 2021-12-28T19:03:15.553Z] SessionManagerReqHand - _cleanupWindowlessSessions - Asynchronous Sessions clean-up phase starting NOW
[INFO  - 2021-12-28T19:03:57.778Z] SessionManagerReqHand - _cleanupWindowlessSessions - Asynchronous Sessions clean-up phase starting NOW
[INFO  - 2021-12-28T19:05:05.581Z] GhostDriver - Main - running on port 32125
[INFO  - 2021-12-28T19:05:05.723Z] Session [11650a90-6811-11ec-bc92-f7115bb45f3b] - page.settings - {"XSSAuditingEnabled":false,"javascriptCanCloseWindows":true,"javascriptCanOpenWindows":true,"javascriptEnabled":true,"loadImages":true,"localToRemoteUrlAccessEnabled":false,"userAgent":"Mozilla/5.0 (Unknown; Linux x86_64) AppleWebKit/538.1 (KHTML, like Gecko) PhantomJS/2.1.1 Safari/538.1","webSecurityEnabled":true}
[INFO  - 2021-12-28T19:05:05.723Z] Session [11650a90-6811-11ec-bc92-f7115bb45f3b] - page.customHeaders:  - {}
[INFO  - 2021-12-28T19:05:05.723Z] Session [11650a90-6811-11ec-bc92-f7115bb45f3b] - Session.negotiatedCapabilities - {"browserName":"phantomjs","version":"2.1.1","driverName":"ghostdriver","driverVersion":"1.2.0","platform":"linux-unknown-64bit","javascriptEnabled":true,"takesScreenshot":true,"handlesAlerts":false,"databaseEnabled":false,"locationContextEnabled":false,"applicationCacheEnabled":false,"browserConnectionEnabled":false,"cssSelectorsEnabled":true,"webStorageEnabled":false,"rotatable":false,"acceptSslCerts":false,"nativeEvents":true,"proxy":{"proxyType":"direct"}}
[INFO  - 2021-12-28T19:05:05.723Z] SessionManagerReqHand - _postNewSessionCommand - New Session Created: 11650a90-6811-11ec-bc92-f7115bb45f3b
[INFO  - 2021-12-28T19:05:12.266Z] ShutdownReqHand - _handle - About to shutdown
[INFO  - 2021-12-28T19:05:13.830Z] GhostDriver - Main - running on port 24626
[INFO  - 2021-12-28T19:05:13.878Z] Session [1640c900-6811-11ec-9fd6-75451d79ad8f] - page.settings - {"XSSAuditingEnabled":false,"javascriptCanCloseWindows":true,"javascriptCanOpenWindows":true,"javascriptEnabled":true,"loadImages":true,"localToRemoteUrlAccessEnabled":false,"userAgent":"Mozilla/5.0 (Unknown; Linux x86_64) AppleWebKit/538.1 (KHTML, like Gecko) PhantomJS/2.1.1 Safari/538.1","webSecurityEnabled":true}
[INFO  - 2021-12-28T19:05:13.878Z] Session [1640c900-6811-11ec-9fd6-75451d79ad8f] - page.customHeaders:  - {}
[INFO  - 2021-12-28T19:05:13.879Z] Session [1640c900-6811-11ec-9fd6-75451d79ad8f] - Session.negotiatedCapabilities - {"browserName":"phantomjs","version":"2.1.1","driverName":"ghostdriver","driverVersion":"1.2.0","platform":"linux-unknown-64bit","javascriptEnabled":true,"takesScreenshot":true,"handlesAlerts":false,"databaseEnabled":false,"locationContextEnabled":false,"applicationCacheEnabled":false,"browserConnectionEnabled":false,"cssSelectorsEnabled":true,"webStorageEnabled":false,"rotatable":false,"acceptSslCerts":false,"nativeEvents":true,"proxy":{"proxyType":"direct"}}
[INFO  - 2021-12-28T19:05:13.879Z] SessionManagerReqHand - _postNewSessionCommand - New Session Created: 1640c900-6811-11ec-9fd6-75451d79ad8f
[ERROR - 2021-12-28T19:05:19.639Z] WebElementLocator - _handleLocateCommand - Element(s) NOT Found: GAVE UP. Search Stop Time: 1640718319601
[INFO  - 2021-12-28T19:05:20.449Z] ShutdownReqHand - _handle - About to shutdown
[INFO  - 2021-12-28T19:07:52.554Z] SessionManagerReqHand - _cleanupWindowlessSessions - Asynchronous Sessions clean-up phase starting NOW
[INFO  - 2021-12-28T19:08:15.553Z] SessionManagerReqHand - _cleanupWindowlessSessions - Asynchronous Sessions clean-up phase starting NOW
[INFO  - 2021-12-28T19:08:27.949Z] GhostDriver - Main - running on port 1657
[INFO  - 2021-12-28T19:08:28.080Z] Session [8a0244e0-6811-11ec-bcdf-ff5f2271928c] - page.settings - {"XSSAuditingEnabled":false,"javascriptCanCloseWindows":true,"javascriptCanOpenWindows":true,"javascriptEnabled":true,"loadImages":true,"localToRemoteUrlAccessEnabled":false,"userAgent":"Mozilla/5.0 (Unknown; Linux x86_64) AppleWebKit/538.1 (KHTML, like Gecko) PhantomJS/2.1.1 Safari/538.1","webSecurityEnabled":true}
[INFO  - 2021-12-28T19:08:28.080Z] Session [8a0244e0-6811-11ec-bcdf-ff5f2271928c] - page.customHeaders:  - {}
[INFO  - 2021-12-28T19:08:28.080Z] Session [8a0244e0-6811-11ec-bcdf-ff5f2271928c] - Session.negotiatedCapabilities - {"browserName":"phantomjs","version":"2.1.1","driverName":"ghostdriver","driverVersion":"1.2.0","platform":"linux-unknown-64bit","javascriptEnabled":true,"takesScreenshot":true,"handlesAlerts":false,"databaseEnabled":false,"locationContextEnabled":false,"applicationCacheEnabled":false,"browserConnectionEnabled":false,"cssSelectorsEnabled":true,"webStorageEnabled":false,"rotatable":false,"acceptSslCerts":false,"nativeEvents":true,"proxy":{"proxyType":"direct"}}
[INFO  - 2021-12-28T19:08:28.080Z] SessionManagerReqHand - _postNewSessionCommand - New Session Created: 8a0244e0-6811-11ec-bcdf-ff5f2271928c
[INFO  - 2021-12-28T19:08:29.396Z] GhostDriver - Main - running on port 8522
[INFO  - 2021-12-28T19:08:29.455Z] Session [8ad30260-6811-11ec-99ed-e57154d967ef] - page.settings - {"XSSAuditingEnabled":false,"javascriptCanCloseWindows":true,"javascriptCanOpenWindows":true,"javascriptEnabled":true,"loadImages":true,"localToRemoteUrlAccessEnabled":false,"userAgent":"Mozilla/5.0 (Unknown; Linux x86_64) AppleWebKit/538.1 (KHTML, like Gecko) PhantomJS/2.1.1 Safari/538.1","webSecurityEnabled":true}
[INFO  - 2021-12-28T19:08:29.455Z] Session [8ad30260-6811-11ec-99ed-e57154d967ef] - page.customHeaders:  - {}
[INFO  - 2021-12-28T19:08:29.456Z] Session [8ad30260-6811-11ec-99ed-e57154d967ef] - Session.negotiatedCapabilities - {"browserName":"phantomjs","version":"2.1.1","driverName":"ghostdriver","driverVersion":"1.2.0","platform":"linux-unknown-64bit","javascriptEnabled":true,"takesScreenshot":true,"handlesAlerts":false,"databaseEnabled":false,"locationContextEnabled":false,"applicationCacheEnabled":false,"browserConnectionEnabled":false,"cssSelectorsEnabled":true,"webStorageEnabled":false,"rotatable":false,"acceptSslCerts":false,"nativeEvents":true,"proxy":{"proxyType":"direct"}}
[INFO  - 2021-12-28T19:08:29.456Z] SessionManagerReqHand - _postNewSessionCommand - New Session Created: 8ad30260-6811-11ec-99ed-e57154d967ef
[INFO  - 2021-12-28T19:08:36.188Z] ShutdownReqHand - _handle - About to shutdown
[INFO  - 2021-12-28T19:08:37.216Z] GhostDriver - Main - running on port 27293
[INFO  - 2021-12-28T19:08:37.251Z] Session [8f79ce20-6811-11ec-a3c4-a9522a4b4994] - page.settings - {"XSSAuditingEnabled":false,"javascriptCanCloseWindows":true,"javascriptCanOpenWindows":true,"javascriptEnabled":true,"loadImages":true,"localToRemoteUrlAccessEnabled":false,"userAgent":"Mozilla/5.0 (Unknown; Linux x86_64) AppleWebKit/538.1 (KHTML, like Gecko) PhantomJS/2.1.1 Safari/538.1","webSecurityEnabled":true}
[INFO  - 2021-12-28T19:08:37.251Z] Session [8f79ce20-6811-11ec-a3c4-a9522a4b4994] - page.customHeaders:  - {}
[INFO  - 2021-12-28T19:08:37.251Z] Session [8f79ce20-6811-11ec-a3c4-a9522a4b4994] - Session.negotiatedCapabilities - {"browserName":"phantomjs","version":"2.1.1","driverName":"ghostdriver","driverVersion":"1.2.0","platform":"linux-unknown-64bit","javascriptEnabled":true,"takesScreenshot":true,"handlesAlerts":false,"databaseEnabled":false,"locationContextEnabled":false,"applicationCacheEnabled":false,"browserConnectionEnabled":false,"cssSelectorsEnabled":true,"webStorageEnabled":false,"rotatable":false,"acceptSslCerts":false,"nativeEvents":true,"proxy":{"proxyType":"direct"}}
[INFO  - 2021-12-28T19:08:37.252Z] SessionManagerReqHand - _postNewSessionCommand - New Session Created: 8f79ce20-6811-11ec-a3c4-a9522a4b4994
[ERROR - 2021-12-28T19:08:42.521Z] WebElementLocator - _handleLocateCommand - Element(s) NOT Found: GAVE UP. Search Stop Time: 1640718522502
[INFO  - 2021-12-28T19:08:43.380Z] ShutdownReqHand - _handle - About to shutdown
[INFO  - 2021-12-28T19:08:57.778Z] SessionManagerReqHand - _cleanupWindowlessSessions - Asynchronous Sessions clean-up phase starting NOW
[INFO  - 2021-12-28T19:09:42.939Z] GhostDriver - Main - running on port 2362
[INFO  - 2021-12-28T19:09:42.979Z] Session [b6a6f310-6811-11ec-8f3d-29dfa9795209] - page.settings - {"XSSAuditingEnabled":false,"javascriptCanCloseWindows":true,"javascriptCanOpenWindows":true,"javascriptEnabled":true,"loadImages":true,"localToRemoteUrlAccessEnabled":false,"userAgent":"Mozilla/5.0 (Unknown; Linux x86_64) AppleWebKit/538.1 (KHTML, like Gecko) PhantomJS/2.1.1 Safari/538.1","webSecurityEnabled":true}
[INFO  - 2021-12-28T19:09:42.979Z] Session [b6a6f310-6811-11ec-8f3d-29dfa9795209] - page.customHeaders:  - {}
[INFO  - 2021-12-28T19:09:42.979Z] Session [b6a6f310-6811-11ec-8f3d-29dfa9795209] - Session.negotiatedCapabilities - {"browserName":"phantomjs","version":"2.1.1","driverName":"ghostdriver","driverVersion":"1.2.0","platform":"linux-unknown-64bit","javascriptEnabled":true,"takesScreenshot":true,"handlesAlerts":false,"databaseEnabled":false,"locationContextEnabled":false,"applicationCacheEnabled":false,"browserConnectionEnabled":false,"cssSelectorsEnabled":true,"webStorageEnabled":false,"rotatable":false,"acceptSslCerts":false,"nativeEvents":true,"proxy":{"proxyType":"direct"}}
[INFO  - 2021-12-28T19:09:42.979Z] SessionManagerReqHand - _postNewSessionCommand - New Session Created: b6a6f310-6811-11ec-8f3d-29dfa9795209
[INFO  - 2021-12-28T19:09:49.007Z] ShutdownReqHand - _handle - About to shutdown
[INFO  - 2021-12-28T19:09:51.212Z] GhostDriver - Main - running on port 13854
[INFO  - 2021-12-28T19:09:51.242Z] Session [bb93ef90-6811-11ec-9e7b-955d3218824f] - page.settings - {"XSSAuditingEnabled":false,"javascriptCanCloseWindows":true,"javascriptCanOpenWindows":true,"javascriptEnabled":true,"loadImages":true,"localToRemoteUrlAccessEnabled":false,"userAgent":"Mozilla/5.0 (Unknown; Linux x86_64) AppleWebKit/538.1 (KHTML, like Gecko) PhantomJS/2.1.1 Safari/538.1","webSecurityEnabled":true}
[INFO  - 2021-12-28T19:09:51.242Z] Session [bb93ef90-6811-11ec-9e7b-955d3218824f] - page.customHeaders:  - {}
[INFO  - 2021-12-28T19:09:51.242Z] Session [bb93ef90-6811-11ec-9e7b-955d3218824f] - Session.negotiatedCapabilities - {"browserName":"phantomjs","version":"2.1.1","driverName":"ghostdriver","driverVersion":"1.2.0","platform":"linux-unknown-64bit","javascriptEnabled":true,"takesScreenshot":true,"handlesAlerts":false,"databaseEnabled":false,"locationContextEnabled":false,"applicationCacheEnabled":false,"browserConnectionEnabled":false,"cssSelectorsEnabled":true,"webStorageEnabled":false,"rotatable":false,"acceptSslCerts":false,"nativeEvents":true,"proxy":{"proxyType":"direct"}}
[INFO  - 2021-12-28T19:09:51.243Z] SessionManagerReqHand - _postNewSessionCommand - New Session Created: bb93ef90-6811-11ec-9e7b-955d3218824f
[INFO  - 2021-12-28T19:09:57.719Z] ShutdownReqHand - _handle - About to shutdown
[INFO  - 2021-12-28T19:11:35.069Z] GhostDriver - Main - running on port 15378
[INFO  - 2021-12-28T19:11:35.205Z] Session [f98b4730-6811-11ec-9671-3982ac36b08b] - page.settings - {"XSSAuditingEnabled":false,"javascriptCanCloseWindows":true,"javascriptCanOpenWindows":true,"javascriptEnabled":true,"loadImages":true,"localToRemoteUrlAccessEnabled":false,"userAgent":"Mozilla/5.0 (Unknown; Linux x86_64) AppleWebKit/538.1 (KHTML, like Gecko) PhantomJS/2.1.1 Safari/538.1","webSecurityEnabled":true}
[INFO  - 2021-12-28T19:11:35.205Z] Session [f98b4730-6811-11ec-9671-3982ac36b08b] - page.customHeaders:  - {}
[INFO  - 2021-12-28T19:11:35.205Z] Session [f98b4730-6811-11ec-9671-3982ac36b08b] - Session.negotiatedCapabilities - {"browserName":"phantomjs","version":"2.1.1","driverName":"ghostdriver","driverVersion":"1.2.0","platform":"linux-unknown-64bit","javascriptEnabled":true,"takesScreenshot":true,"handlesAlerts":false,"databaseEnabled":false,"locationContextEnabled":false,"applicationCacheEnabled":false,"browserConnectionEnabled":false,"cssSelectorsEnabled":true,"webStorageEnabled":false,"rotatable":false,"acceptSslCerts":false,"nativeEvents":true,"proxy":{"proxyType":"direct"}}
[INFO  - 2021-12-28T19:11:35.205Z] SessionManagerReqHand - _postNewSessionCommand - New Session Created: f98b4730-6811-11ec-9671-3982ac36b08b
[INFO  - 2021-12-28T19:11:41.880Z] ShutdownReqHand - _handle - About to shutdown
[INFO  - 2021-12-28T19:11:43.363Z] GhostDriver - Main - running on port 28032
[INFO  - 2021-12-28T19:11:43.404Z] Session [fe6e58a0-6811-11ec-86bd-ddac3e31962d] - page.settings - {"XSSAuditingEnabled":false,"javascriptCanCloseWindows":true,"javascriptCanOpenWindows":true,"javascriptEnabled":true,"loadImages":true,"localToRemoteUrlAccessEnabled":false,"userAgent":"Mozilla/5.0 (Unknown; Linux x86_64) AppleWebKit/538.1 (KHTML, like Gecko) PhantomJS/2.1.1 Safari/538.1","webSecurityEnabled":true}
[INFO  - 2021-12-28T19:11:43.404Z] Session [fe6e58a0-6811-11ec-86bd-ddac3e31962d] - page.customHeaders:  - {}
[INFO  - 2021-12-28T19:11:43.404Z] Session [fe6e58a0-6811-11ec-86bd-ddac3e31962d] - Session.negotiatedCapabilities - {"browserName":"phantomjs","version":"2.1.1","driverName":"ghostdriver","driverVersion":"1.2.0","platform":"linux-unknown-64bit","javascriptEnabled":true,"takesScreenshot":true,"handlesAlerts":false,"databaseEnabled":false,"locationContextEnabled":false,"applicationCacheEnabled":false,"browserConnectionEnabled":false,"cssSelectorsEnabled":true,"webStorageEnabled":false,"rotatable":false,"acceptSslCerts":false,"nativeEvents":true,"proxy":{"proxyType":"direct"}}
[INFO  - 2021-12-28T19:11:43.404Z] SessionManagerReqHand - _postNewSessionCommand - New Session Created: fe6e58a0-6811-11ec-86bd-ddac3e31962d
[ERROR - 2021-12-28T19:11:55.032Z] WebElementLocator - _handleLocateCommand - Element(s) NOT Found: GAVE UP. Search Stop Time: 1640718715011
[INFO  - 2021-12-28T19:11:55.834Z] ShutdownReqHand - _handle - About to shutdown
[INFO  - 2021-12-28T19:12:52.554Z] SessionManagerReqHand - _cleanupWindowlessSessions - Asynchronous Sessions clean-up phase starting NOW
[INFO  - 2021-12-28T19:13:15.553Z] SessionManagerReqHand - _cleanupWindowlessSessions - Asynchronous Sessions clean-up phase starting NOW
[INFO  - 2021-12-28T19:13:27.949Z] SessionManagerReqHand - _cleanupWindowlessSessions - Asynchronous Sessions clean-up phase starting NOW
[INFO  - 2021-12-28T19:13:57.778Z] SessionManagerReqHand - _cleanupWindowlessSessions - Asynchronous Sessions clean-up phase starting NOW
[INFO  - 2021-12-28T19:17:52.553Z] SessionManagerReqHand - _cleanupWindowlessSessions - Asynchronous Sessions clean-up phase starting NOW
[INFO  - 2021-12-28T19:18:15.554Z] SessionManagerReqHand - _cleanupWindowlessSessions - Asynchronous Sessions clean-up phase starting NOW
[INFO  - 2021-12-28T19:18:27.949Z] SessionManagerReqHand - _cleanupWindowlessSessions - Asynchronous Sessions clean-up phase starting NOW
[INFO  - 2021-12-28T19:18:57.777Z] SessionManagerReqHand - _cleanupWindowlessSessions - Asynchronous Sessions clean-up phase starting NOW
[INFO  - 2021-12-28T19:22:52.554Z] SessionManagerReqHand - _cleanupWindowlessSessions - Asynchronous Sessions clean-up phase starting NOW
[INFO  - 2021-12-28T19:23:15.554Z] SessionManagerReqHand - _cleanupWindowlessSessions - Asynchronous Sessions clean-up phase starting NOW
[INFO  - 2021-12-28T19:23:27.949Z] SessionManagerReqHand - _cleanupWindowlessSessions - Asynchronous Sessions clean-up phase starting NOW
